This is pdfeTeX, Version 3.141592-1.21a-2.2 (Web2C 7.5.4) (format=latex 2006.5.2)  3 MAY 2007 01:44
entering extended mode
**\nonstopmode{}\input{TIMP-manual.tex}
(./TIMP-manual.tex (/usr/share/texmf/tex/latex/base/article.cls
Document Class: article 2004/02/16 v1.4f Standard LaTeX document class
(/usr/share/texmf/tex/latex/base/size10.clo
File: size10.clo 2004/02/16 v1.4f Standard LaTeX file (size option)
)
\c@part=\count79
\c@section=\count80
\c@subsection=\count81
\c@subsubsection=\count82
\c@paragraph=\count83
\c@subparagraph=\count84
\c@figure=\count85
\c@table=\count86
\abovecaptionskip=\skip41
\belowcaptionskip=\skip42
\bibindent=\dimen102
)
(/usr/local/lib/R/share/texmf/Rd.sty
Package: Rd 

(/usr/share/texmf/tex/latex/base/ifthen.sty
Package: ifthen 2001/05/26 v1.1c Standard LaTeX ifthen package (DPC)
)
(/usr/share/texmf/tex/latex/tools/longtable.sty
Package: longtable 2004/02/01 v4.11 Multi-page Table package (DPC)
\LTleft=\skip43
\LTright=\skip44
\LTpre=\skip45
\LTpost=\skip46
\LTchunksize=\count87
\LTcapwidth=\dimen103
\LT@head=\box26
\LT@firsthead=\box27
\LT@foot=\box28
\LT@lastfoot=\box29
\LT@cols=\count88
\LT@rows=\count89
\c@LT@tables=\count90
\c@LT@chunks=\count91
\LT@p@ftn=\toks14
)
(/usr/share/texmf/tex/latex/tools/bm.sty
Package: bm 2004/02/26 v1.1c Bold Symbol Support (DPC/FMi)
\symboldoperators=\mathgroup4
\symboldletters=\mathgroup5
\symboldsymbols=\mathgroup6
LaTeX Font Info:    Redeclaring math alphabet \mathbf on input line 137.
LaTeX Info: Redefining \bm on input line 203.
)
(/usr/share/texmf/tex/latex/base/alltt.sty
Package: alltt 1997/06/16 v2.0g defines alltt environment
)
(/usr/share/texmf/tex/latex/tools/verbatim.sty
Package: verbatim 2003/08/22 v1.5q LaTeX2e package for verbatim enhancements
\every@verbatim=\toks15
\verbatim@line=\toks16
\verbatim@in@stream=\read1
)
(/usr/share/texmf/tex/latex/html/url.sty
Package: url 1999/03/02  ver 1.4  Verb mode for urls, email addresses, and file
 names
)
(/usr/local/lib/R/share/texmf/upquote.sty
Package: upquote 2003/08/11 v1.1 Covington's upright-quote modification to verb
atim and verb

(/usr/share/texmf/tex/latex/base/textcomp.sty
Package: textcomp 2004/02/22 v1.99f Standard LaTeX package
Package textcomp Info: Sub-encoding information:
(textcomp)               5 = only ISO-Adobe without \textcurrency
(textcomp)               4 = 5 + \texteuro
(textcomp)               3 = 4 + \textohm
(textcomp)               2 = 3 + \textestimated + \textcurrency
(textcomp)               1 = TS1 - \textcircled - \t
(textcomp)               0 = TS1 (full)
(textcomp)             Font families with sub-encoding setting implement
(textcomp)             only a restricted character set as indicated.
(textcomp)             Family '?' is the default used for unknown fonts.
(textcomp)             See the documentation for details.
Package textcomp Info: Setting ? sub-encoding to TS1/1 on input line 71.

(/usr/share/texmf/tex/latex/base/ts1enc.def
File: ts1enc.def 2001/06/05 v3.0e (jk/car/fm) Standard LaTeX file
)
LaTeX Info: Redefining \oldstylenums on input line 266.
Package textcomp Info: Setting cmr sub-encoding to TS1/0 on input line 281.
Package textcomp Info: Setting cmss sub-encoding to TS1/0 on input line 282.
Package textcomp Info: Setting cmtt sub-encoding to TS1/0 on input line 283.
Package textcomp Info: Setting cmvtt sub-encoding to TS1/0 on input line 284.
Package textcomp Info: Setting cmbr sub-encoding to TS1/0 on input line 285.
Package textcomp Info: Setting cmtl sub-encoding to TS1/0 on input line 286.
Package textcomp Info: Setting ccr sub-encoding to TS1/0 on input line 287.
Package textcomp Info: Setting ptm sub-encoding to TS1/4 on input line 288.
Package textcomp Info: Setting pcr sub-encoding to TS1/4 on input line 289.
Package textcomp Info: Setting phv sub-encoding to TS1/4 on input line 290.
Package textcomp Info: Setting ppl sub-encoding to TS1/3 on input line 291.
Package textcomp Info: Setting pag sub-encoding to TS1/4 on input line 292.
Package textcomp Info: Setting pbk sub-encoding to TS1/4 on input line 293.
Package textcomp Info: Setting pnc sub-encoding to TS1/4 on input line 294.
Package textcomp Info: Setting pzc sub-encoding to TS1/4 on input line 295.
Package textcomp Info: Setting bch sub-encoding to TS1/4 on input line 296.
Package textcomp Info: Setting put sub-encoding to TS1/5 on input line 297.
Package textcomp Info: Setting uag sub-encoding to TS1/5 on input line 298.
Package textcomp Info: Setting ugq sub-encoding to TS1/5 on input line 299.
Package textcomp Info: Setting ul8 sub-encoding to TS1/4 on input line 300.
Package textcomp Info: Setting ul9 sub-encoding to TS1/4 on input line 301.
Package textcomp Info: Setting augie sub-encoding to TS1/5 on input line 302.
Package textcomp Info: Setting dayrom sub-encoding to TS1/3 on input line 303.
Package textcomp Info: Setting dayroms sub-encoding to TS1/3 on input line 304.

Package textcomp Info: Setting pxr sub-encoding to TS1/0 on input line 305.
Package textcomp Info: Setting pxss sub-encoding to TS1/0 on input line 306.
Package textcomp Info: Setting pxtt sub-encoding to TS1/0 on input line 307.
Package textcomp Info: Setting txr sub-encoding to TS1/0 on input line 308.
Package textcomp Info: Setting txss sub-encoding to TS1/0 on input line 309.
Package textcomp Info: Setting txtt sub-encoding to TS1/0 on input line 310.
Package textcomp Info: Setting futs sub-encoding to TS1/4 on input line 311.
Package textcomp Info: Setting futx sub-encoding to TS1/4 on input line 312.
Package textcomp Info: Setting futj sub-encoding to TS1/4 on input line 313.
Package textcomp Info: Setting hlh sub-encoding to TS1/3 on input line 314.
Package textcomp Info: Setting hls sub-encoding to TS1/3 on input line 315.
Package textcomp Info: Setting hlst sub-encoding to TS1/3 on input line 316.
Package textcomp Info: Setting hlct sub-encoding to TS1/5 on input line 317.
Package textcomp Info: Setting hlx sub-encoding to TS1/5 on input line 318.
Package textcomp Info: Setting hlce sub-encoding to TS1/5 on input line 319.
Package textcomp Info: Setting hlcn sub-encoding to TS1/5 on input line 320.
Package textcomp Info: Setting hlcw sub-encoding to TS1/5 on input line 321.
Package textcomp Info: Setting hlcf sub-encoding to TS1/5 on input line 322.
Package textcomp Info: Setting pplx sub-encoding to TS1/3 on input line 323.
Package textcomp Info: Setting pplj sub-encoding to TS1/3 on input line 324.
Package textcomp Info: Setting ptmx sub-encoding to TS1/4 on input line 325.
Package textcomp Info: Setting ptmj sub-encoding to TS1/4 on input line 326.
))
\ldescriptionwidth=\skip47

(/usr/share/texmf/tex/latex/base/fontenc.sty
Package: fontenc 2004/02/22 v1.99f Standard LaTeX package

(/usr/share/texmf/tex/latex/base/t1enc.def
File: t1enc.def 2004/02/22 v1.99f Standard LaTeX file
LaTeX Font Info:    Redeclaring font encoding T1 on input line 43.
))
(/usr/share/texmf/tex/latex/ae/ae.sty
Package: ae 2001/02/12 1.3 Almost European Computer Modern

(/usr/share/texmf/tex/latex/base/fontenc.sty
Package: fontenc 2004/02/22 v1.99f Standard LaTeX package

(/usr/share/texmf/tex/latex/base/t1enc.def
File: t1enc.def 2004/02/22 v1.99f Standard LaTeX file
LaTeX Font Info:    Redeclaring font encoding T1 on input line 43.
)
LaTeX Font Info:    Try loading font information for T1+aer on input line 100.

(/usr/share/texmf/tex/latex/ae/t1aer.fd
File: t1aer.fd 1997/11/16 Font definitions for T1/aer.
)))
(/usr/share/texmf/tex/latex/ae/t1aett.fd
File: t1aett.fd 1997/11/16 Font definitions for T1/aett.
) NOT loading times
NOT loading lmodern (/usr/share/texmf/tex/latex/graphics/color.sty
Package: color 1999/02/16 v1.0i Standard LaTeX Color (DPC)

(/usr/share/texmf/tex/latex/graphics/color.cfg
File: color.cfg 2005/02/03 v1.3 color configuration of teTeX/TeXLive
)
Package color Info: Driver file: dvips.def on input line 125.

(/usr/share/texmf/tex/latex/graphics/dvips.def
File: dvips.def 1999/02/16 v3.0i Driver-dependant file (DPC,SPQR)
)
(/usr/share/texmf/tex/latex/graphics/dvipsnam.def
File: dvipsnam.def 1999/02/16 v3.0i Driver-dependant file (DPC,SPQR)
))
(/usr/share/texmf/tex/latex/hyperref/hyperref.sty
Package: hyperref 2003/11/30 v6.74m Hypertext links for LaTeX

(/usr/share/texmf/tex/latex/graphics/keyval.sty
Package: keyval 1999/03/16 v1.13 key=value parser (DPC)
\KV@toks@=\toks17
)
\@linkdim=\dimen104
\Hy@linkcounter=\count92
\Hy@pagecounter=\count93

(/usr/share/texmf/tex/latex/hyperref/pd1enc.def
File: pd1enc.def 2003/11/30 v6.74m Hyperref: PDFDocEncoding definition (HO)
)
(/usr/share/texmf/tex/latex/hyperref/hyperref.cfg
File: hyperref.cfg 2005/03/07 hyperref configuration of teTeX 3.0
)
Package hyperref Info: Hyper figures OFF on input line 1880.
Package hyperref Info: Link nesting OFF on input line 1885.
Package hyperref Info: Hyper index ON on input line 1888.
Package hyperref Info: Plain pages ON on input line 1893.
Package hyperref Info: Backreferencing OFF on input line 1900.

Implicit mode ON; LaTeX internals redefined
Package hyperref Info: Bookmarks ON on input line 2004.
LaTeX Info: Redefining \href on input line 2130.
LaTeX Info: Redefining \url on input line 2143.
\Fld@menulength=\count94
\Field@Width=\dimen105
\Fld@charsize=\dimen106
\Choice@toks=\toks18
\Field@toks=\toks19
Package hyperref Info: Hyper figures OFF on input line 2618.
Package hyperref Info: Link nesting OFF on input line 2623.
Package hyperref Info: Hyper index ON on input line 2626.
Package hyperref Info: backreferencing OFF on input line 2633.
Package hyperref Info: Link coloring OFF on input line 2638.
\c@Item=\count95
\c@Hfootnote=\count96
)
*hyperref using driver hdvips*
(/usr/share/texmf/tex/latex/hyperref/hdvips.def
File: hdvips.def 2003/11/30 v6.74m Hyperref driver for dvips

(/usr/share/texmf/tex/latex/hyperref/pdfmark.def
File: pdfmark.def 2003/11/30 v6.74m Hyperref definitions for pdfmark specials
\pdf@docset=\toks20
\pdf@box=\box30
\pdf@toks=\toks21
\pdf@defaulttoks=\toks22
\Fld@listcount=\count97
\@outlinefile=\write3
))

Package hyperref Warning: Option `hyperindex' has already been used,
(hyperref)                setting the option has no effect on input line 312.

Package hyperref Info: Option `colorlinks' set `true' on input line 312.

Package hyperref Warning: Option `pagebackref' has already been used,
(hyperref)                setting the option has no effect on input line 312.

Package hyperref Info: Option `linktocpage' set `true' on input line 312.
Package hyperref Info: Option `plainpages' set `false' on input line 312.
)
No file TIMP-manual.aux.
\openout1 = `TIMP-manual.aux'.

LaTeX Font Info:    Checking defaults for OML/cmm/m/it on input line 3.
LaTeX Font Info:    ... okay on input line 3.
LaTeX Font Info:    Checking defaults for T1/cmr/m/n on input line 3.
LaTeX Font Info:    ... okay on input line 3.
LaTeX Font Info:    Checking defaults for OT1/cmr/m/n on input line 3.
LaTeX Font Info:    ... okay on input line 3.
LaTeX Font Info:    Checking defaults for OMS/cmsy/m/n on input line 3.
LaTeX Font Info:    ... okay on input line 3.
LaTeX Font Info:    Checking defaults for OMX/cmex/m/n on input line 3.
LaTeX Font Info:    ... okay on input line 3.
LaTeX Font Info:    Checking defaults for U/cmr/m/n on input line 3.
LaTeX Font Info:    ... okay on input line 3.
LaTeX Font Info:    Checking defaults for TS1/cmr/m/n on input line 3.
LaTeX Font Info:    Try loading font information for TS1+cmr on input line 3.
(/usr/share/texmf/tex/latex/base/ts1cmr.fd
File: ts1cmr.fd 1999/05/25 v2.5h Standard LaTeX font definitions
)
LaTeX Font Info:    ... okay on input line 3.
LaTeX Font Info:    Checking defaults for PD1/pdf/m/n on input line 3.
LaTeX Font Info:    ... okay on input line 3.
Package hyperref Info: Link coloring ON on input line 3.

(/usr/share/texmf/tex/latex/hyperref/nameref.sty
Package: nameref 2003/12/03 v2.21 Cross-referencing by name of section
\c@section@level=\count98
)
LaTeX Info: Redefining \ref on input line 3.
LaTeX Info: Redefining \pageref on input line 3.
\openout3 = `TIMP-manual.out'.

LaTeX Font Info:    External font `cmex10' loaded for size
(Font)              <7> on input line 5.
LaTeX Font Info:    External font `cmex10' loaded for size
(Font)              <5> on input line 5.
LaTeX Font Info:    Font shape `T1/aett/bx/n' in size <10> not available
(Font)              Font shape `T1/aett/m/n' tried instead on input line 29.
 [1

] [2]
Overfull \hbox (3.58542pt too wide) in paragraph at lines 154--154
[]\T1/aer/m/n/10 Object of class \T1/aett/m/n/10 "logical" \T1/aer/m/n/10 that 
de-faults to \T1/aett/m/n/10 FALSE\T1/aer/m/n/10 ; de-ter-mines whether
 []

[3] [4]
Overfull \hbox (2.12656pt too wide) in paragraph at lines 387--387
[]\T1/aer/m/n/10 numeric de-scrib-ing the tol-er-ance with which clp from dif-f
er-ent datasets
 []


Overfull \hbox (25.82158pt too wide) in paragraph at lines 387--387
\T1/aer/m/n/10 For ex-am-ple, \T1/aett/m/n/10 free = list( list(what = "irfpar"
, ind = 1, dataset
 []


Overfull \hbox (4.67027pt too wide) in paragraph at lines 387--387
\T1/aett/m/n/10 = 2, start=-.1932), list(what = "kinpar", ind = 5, dataset
 []


Overfull \hbox (9.91026pt too wide) in paragraph at lines 387--387
\T1/aett/m/n/10 = 2, start=.0004), list(what = "kinpar", ind = 4, dataset =
 []

[5]
Overfull \hbox (59.97878pt too wide) in paragraph at lines 412--416
\T1/aer/m/n/10 tro-scopic mea-sure-ments.'' Jour-nal of Sta-tis-ti-cal Soft-war
e, 18(3). [][][][][][] 
 []

[6] [7] [8] [9]
Overfull \hbox (73.34943pt too wide) in paragraph at lines 578--584
[]\T1/aer/m/n/10 a vec-tor of form \T1/aett/m/n/10 c(timeIndexmin, timeIndexmax
, lambdaIndexmin, lambdaIndexmax)\T1/aer/m/n/10 .
 []


Overfull \hbox (19.74866pt too wide) in paragraph at lines 578--584
\T1/aer/m/n/10 The av-er-age of data be-tween \T1/aett/m/n/10 x2 \T1/aer/m/n/10
 in-dexes \T1/aett/m/n/10 lambdaIndexmin \T1/aer/m/n/10 and \T1/aett/m/n/10 lam
bdaIndexmax
 []


Overfull \hbox (73.34943pt too wide) in paragraph at lines 584--589
[]\T1/aer/m/n/10 a vec-tor of form \T1/aett/m/n/10 c(timeIndexmin, timeIndexmax
, lambdaIndexmin, lambdaIndexmax)\T1/aer/m/n/10 .
 []


Overfull \hbox (7.72838pt too wide) in paragraph at lines 584--589
\T1/aer/m/n/10 The av-er-age of data be-tween time in-dexes \T1/aett/m/n/10 tim
eIndexmin \T1/aer/m/n/10 and \T1/aett/m/n/10 timeIndexmax
 []


Overfull \hbox (12.20084pt too wide) in paragraph at lines 593--597
[]\T1/aer/m/n/10 vector of length 2 de-scrib-ing the ab-so-lute val-ues (e.g., 
wave-lengths, wavenum-
 []

[10]
Overfull \hbox (17.7685pt too wide) in paragraph at lines 678--678
\T1/aer/m/n/10 e-ters in each vec-tor are grouped \T1/aett/m/n/10 c(location_sp
ectra, width_spectra, skew_spectra)\T1/aer/m/n/10 .
 []

[11]
Overfull \hbox (6.54619pt too wide) in paragraph at lines 678--678
[]\T1/aer/m/n/10 Object of class \T1/aett/m/n/10 "character" \T1/aer/m/n/10 de-
scrib-ing the func-tion form of the time-dependence
 []


Overfull \hbox (1.21825pt too wide) in paragraph at lines 678--678
\T1/aer/m/n/10 of spec-tral pa-ram-e-ters; op-tions are \T1/aett/m/n/10 "exp" \
T1/aer/m/n/10 for ex-po-nen-tial time de-pen-dence, \T1/aett/m/n/10 "multiexp"
 []

[12] [13]
Overfull \hbox (1.28741pt too wide) in paragraph at lines 819--825
[]\T1/aett/m/n/10 dat \T1/aer/m/n/10 is the super-class of other classes rep-re
-sent-ing mod-els and data, so that other model/data
 []

[14]
Overfull \hbox (10.82831pt too wide) in paragraph at lines 972--972
[]\T1/aer/m/n/10 Object of class \T1/aett/m/n/10 "list" \T1/aer/m/n/10 list of 
vec-tors \T1/aett/m/n/10 c(first_x, last_x, first_x2, last_x2,
 []

[15]
Overfull \hbox (25.02014pt too wide) in paragraph at lines 972--972
\T1/aett/m/n/10 list(list(low=400, high = 600, comp=2), list(low = 600, high = 
650, comp=4))
 []


Overfull \hbox (10.20184pt too wide) in paragraph at lines 972--972
\T1/aett/m/n/10 from=1, low=10000, high=100))\T1/aer/m/n/10 , not \T1/aett/m/n/
10 list(to=3, from=1, low=10000, high=100),
 []

[16]
Overfull \hbox (19.0118pt too wide) in paragraph at lines 972--972
\T1/aer/m/n/10 e.g., \T1/aett/m/n/10 prelspec = list(list(what1 = "kinpar", wha
t2 = "kinpar", ind1 = 1, ind2
 []

[17]
Overfull \hbox (3.02014pt too wide) in paragraph at lines 1022--1022
 []\T1/aett/m/n/10 residPart(model, group, multimodel, thetalist, clpindepX, fi
nished, returnX,[] 
 []

[18] [19] [20] [21] [22] [23] [24]
Overfull \hbox (21.30971pt too wide) in paragraph at lines 1343--1345
[]\T1/aer/m/n/10 Katharine M. Mullen, Ivo H. M. van Stokkum Main-tainer: Kathar
ine M. Mullen $\OMS/cmsy/m/n/10 h$\T1/aer/m/n/10 kate@nat.vu.nl$\OMS/cmsy/m/n/1
0 i$ 
 []

[25] [26] [27] [28] [29] (./TIMP-manual.aux) ) 
Here is how much of TeX's memory you used:
 3245 strings out of 94500
 43724 string characters out of 1172834
 110999 words of memory out of 3500000
 6396 multiletter control sequences out of 10000+50000
 14083 words of font info for 30 fonts, out of 500000 for 2000
 580 hyphenation exceptions out of 1000
 38i,7n,27p,227b,461s stack positions out of 1500i,500n,5000p,200000b,5000s

Output written on TIMP-manual.dvi (29 pages, 181036 bytes).
