\BOOKMARK [1][-]{Rfn.fit.Rdash.class.1}{fit-class}{}
\BOOKMARK [1][-]{Rfn.modifyModel.1}{modifyModel}{}
\BOOKMARK [1][-]{Rfn.kinopt.Rdash.class.1}{kinopt-class}{}
\BOOKMARK [1][-]{Rfn.Internals.1}{Internals}{}
\BOOKMARK [1][-]{Rfn.fitModel.1}{fitModel}{}
\BOOKMARK [1][-]{Rfn.theta.Rdash.class.1}{theta-class}{}
\BOOKMARK [1][-]{Rfn.getClpindepX.Rdash.methods.1}{getClpindepX-methods}{}
\BOOKMARK [1][-]{Rfn.examineFit.1}{examineFit}{}
\BOOKMARK [1][-]{Rfn.preProcess.1}{preProcess}{}
\BOOKMARK [1][-]{Rfn.spec.Rdash.class.1}{spec-class}{}
\BOOKMARK [1][-]{Rfn.opt.Rdash.class.1}{opt-class}{}
\BOOKMARK [1][-]{Rfn.readData.1}{readData}{}
\BOOKMARK [1][-]{Rfn.dat.Rdash.class.1}{dat-class}{}
\BOOKMARK [1][-]{Rfn.residPart.Rdash.methods.1}{residPart-methods}{}
\BOOKMARK [1][-]{Rfn.multitheta.Rdash.class.1}{multitheta-class}{}
\BOOKMARK [1][-]{Rfn.getResid.1}{getResid}{}
\BOOKMARK [1][-]{Rfn.res.Rdash.class.1}{res-class}{}
\BOOKMARK [1][-]{Rfn.multimodel.Rdash.class.1}{multimodel-class}{}
\BOOKMARK [1][-]{Rfn.initModel.1}{initModel}{}
\BOOKMARK [1][-]{Rfn.baseIRF.1}{baseIRF}{}
\BOOKMARK [1][-]{Rfn.specopt.Rdash.class.1}{specopt-class}{}
\BOOKMARK [1][-]{Rfn.TIMP.Rdash.package.1}{TIMP-package}{}
\BOOKMARK [1][-]{Rfn.plotter.Rdash.methods.1}{plotter-methods}{}
\BOOKMARK [1][-]{Rfn.kin.Rdash.class.1}{kin-class}{}
\BOOKMARK [1][-]{Rfn.sumKinSpecEst.1}{sumKinSpecEst}{}
